#
# There is insufficient memory for the Java Runtime Environment to continue.
# Native memory allocation (malloc) failed to allocate 98896 bytes for Chunk::new
# Possible reasons:
#   The system is out of physical RAM or swap space
#   The process is running with CompressedOops enabled, and the Java Heap may be blocking the growth of the native heap
# Possible solutions:
#   Reduce memory load on the system
#   Increase physical memory or swap space
#   Check if swap backing store is full
#   Decrease Java heap size (-Xmx/-Xms)
#   Decrease number of Java threads
#   Decrease Java thread stack sizes (-Xss)
#   Set larger code cache with -XX:ReservedCodeCacheSize=
#   JVM is running with Unscaled Compressed Oops mode in which the Java heap is
#     placed in the first 4GB address space. The Java Heap base address is the
#     maximum limit for the native heap growth. Please use -XX:HeapBaseMinAddress
#     to set the Java Heap base and to place the Java Heap above 4GB virtual address.
# This output file may be truncated or incomplete.
#
#  Out of Memory Error (./src/hotspot/share/memory/arena.cpp:197), pid=27388, tid=21976
#
# JRE version: OpenJDK Runtime Environment (11.0.12+7) (build 11.0.12+7-b1504.28-7817840)
# Java VM: OpenJDK 64-Bit Server VM (11.0.12+7-b1504.28-7817840, mixed mode, tiered, compressed oops, g1 gc, windows-amd64)
# No core dump will be written. Minidumps are not enabled by default on client versions of Windows
#

---------------  S U M M A R Y ------------

Command Line: --add-opens=java.base/java.util=ALL-UNNAMED --add-opens=java.base/java.lang=ALL-UNNAMED --add-opens=java.base/java.lang.invoke=ALL-UNNAMED --add-opens=java.base/java.util=ALL-UNNAMED --add-opens=java.prefs/java.util.prefs=ALL-UNNAMED --add-opens=java.prefs/java.util.prefs=ALL-UNNAMED --add-opens=java.base/java.nio.charset=ALL-UNNAMED --add-opens=java.base/java.net=ALL-UNNAMED --add-opens=java.base/java.util.concurrent.atomic=ALL-UNNAMED -Xmx2048m -Dfile.encoding=UTF-8 -Duser.country=RU -Duser.language=ru -Duser.variant org.gradle.launcher.daemon.bootstrap.GradleDaemon 7.3.3

Host: Intel(R) Core(TM) i5-10400 CPU @ 2.90GHz, 12 cores, 7G,  Windows 10 , 64 bit Build 19041 (10.0.19041.1706)
Time: Tue Jun 14 17:10:07 2022 RTZ 2 (зима) elapsed time: 514.242288 seconds (0d 0h 8m 34s)

---------------  T H R E A D  ---------------

Current thread (0x000001fe5201a800):  JavaThread "C2 CompilerThread0" daemon [_thread_in_native, id=21976, stack(0x0000005f3bc00000,0x0000005f3bd00000)]


Current CompileTask:
C2: 514242 16526       4       org.gradle.internal.component.model.DefaultIvyArtifactName::computeHashCode (71 bytes)

Stack: [0x0000005f3bc00000,0x0000005f3bd00000]
Native frames: (J=compiled Java code, j=interpreted, Vv=VM code, C=native code)
V  [jvm.dll+0x5fbcea]
V  [jvm.dll+0x731905]
V  [jvm.dll+0x732f1d]
V  [jvm.dll+0x7335d3]
V  [jvm.dll+0x247bf8]
V  [jvm.dll+0xc018c]
V  [jvm.dll+0xc06cc]
V  [jvm.dll+0x35b31d]
V  [jvm.dll+0x19d0bc]
V  [jvm.dll+0x20070e]
V  [jvm.dll+0x1ff794]
V  [jvm.dll+0x18868c]
V  [jvm.dll+0x20e0d7]
V  [jvm.dll+0x20c901]
V  [jvm.dll+0x6f9b7f]
V  [jvm.dll+0x6f26a5]
V  [jvm.dll+0x5fabf6]
C  [ucrtbase.dll+0x21bb2]
C  [KERNEL32.DLL+0x17034]
C  [ntdll.dll+0x52651]


---------------  P R O C E S S  ---------------

Threads class SMR info:
_java_thread_list=0x000001fe5e478080, length=74, elements={
0x000001fe365d7000, 0x000001fe51685800, 0x000001fe51691000, 0x000001fe516a7800,
0x000001fe516a8800, 0x000001fe516aa000, 0x000001fe5201a800, 0x000001fe516b8000,
0x000001fe5201f000, 0x000001fe521a3000, 0x000001fe53b91800, 0x000001fe53771800,
0x000001fe53585800, 0x000001fe543ad800, 0x000001fe543a8000, 0x000001fe5475a000,
0x000001fe5475b000, 0x000001fe54757000, 0x000001fe5475b800, 0x000001fe5475c800,
0x000001fe5475d800, 0x000001fe54759000, 0x000001fe54763000, 0x000001fe56195000,
0x000001fe56196000, 0x000001fe56191000, 0x000001fe56197000, 0x000001fe56197800,
0x000001fe56192000, 0x000001fe56199800, 0x000001fe5619b800, 0x000001fe5619c800,
0x000001fe5619a000, 0x000001fe5619b000, 0x000001fe59e25800, 0x000001fe59e24800,
0x000001fe59e1f800, 0x000001fe59e26000, 0x000001fe59e27000, 0x000001fe5c359800,
0x000001fe5c356000, 0x000001fe5c35d800, 0x000001fe5dcfe000, 0x000001fe5bea0000,
0x000001fe5dcf3000, 0x000001fe5dcf9800, 0x000001fe5dcf5800, 0x000001fe5dcf8000,
0x000001fe5dcf6800, 0x000001fe5dcf7800, 0x000001fe5dcf4000, 0x000001fe5dcf5000,
0x000001fe5dcfe800, 0x000001fe5dcf9000, 0x000001fe5dcfa800, 0x000001fe5dcfc000,
0x000001fe5dcfd000, 0x000001fe5dd00800, 0x000001fe5dd01000, 0x000001fe5dcff800,
0x000001fe5dcfb800, 0x000001fe5dd02000, 0x000001fe5dd08800, 0x000001fe5dd07000,
0x000001fe5dd07800, 0x000001fe5dd02800, 0x000001fe5dd09800, 0x000001fe5dd04800,
0x000001fe5dd06000, 0x000001fe5dd05000, 0x000001fe5dd03800, 0x000001fe5dd0c800,
0x000001fe5dd0e000, 0x000001fe5dd0b800
}

Java Threads: ( => current thread )
  0x000001fe365d7000 JavaThread "main" [_thread_blocked, id=33864, stack(0x0000005f3b000000,0x0000005f3b100000)]
  0x000001fe51685800 JavaThread "Reference Handler" daemon [_thread_blocked, id=35424, stack(0x0000005f3b700000,0x0000005f3b800000)]
  0x000001fe51691000 JavaThread "Finalizer" daemon [_thread_blocked, id=16420, stack(0x0000005f3b800000,0x0000005f3b900000)]
  0x000001fe516a7800 JavaThread "Signal Dispatcher" daemon [_thread_blocked, id=16144, stack(0x0000005f3b900000,0x0000005f3ba00000)]
  0x000001fe516a8800 JavaThread "Attach Listener" daemon [_thread_blocked, id=30372, stack(0x0000005f3ba00000,0x0000005f3bb00000)]
  0x000001fe516aa000 JavaThread "Service Thread" daemon [_thread_blocked, id=5232, stack(0x0000005f3bb00000,0x0000005f3bc00000)]
=>0x000001fe5201a800 JavaThread "C2 CompilerThread0" daemon [_thread_in_native, id=21976, stack(0x0000005f3bc00000,0x0000005f3bd00000)]
  0x000001fe516b8000 JavaThread "C1 CompilerThread0" daemon [_thread_blocked, id=33504, stack(0x0000005f3bd00000,0x0000005f3be00000)]
  0x000001fe5201f000 JavaThread "Sweeper thread" daemon [_thread_blocked, id=36684, stack(0x0000005f3be00000,0x0000005f3bf00000)]
  0x000001fe521a3000 JavaThread "Common-Cleaner" daemon [_thread_blocked, id=19832, stack(0x0000005f3bf00000,0x0000005f3c000000)]
  0x000001fe53b91800 JavaThread "Daemon health stats" [_thread_blocked, id=27556, stack(0x0000005f3c300000,0x0000005f3c400000)]
  0x000001fe53771800 JavaThread "Incoming local TCP Connector on port 60888" [_thread_in_native, id=9396, stack(0x0000005f3c400000,0x0000005f3c500000)]
  0x000001fe53585800 JavaThread "Daemon periodic checks" [_thread_blocked, id=31308, stack(0x0000005f3c500000,0x0000005f3c600000)]
  0x000001fe543ad800 JavaThread "Cache worker for journal cache (C:\Users\Igor-\.gradle\caches\journal-1)" [_thread_blocked, id=33152, stack(0x0000005f3d400000,0x0000005f3d500000)]
  0x000001fe543a8000 JavaThread "File lock request listener" [_thread_in_native, id=19524, stack(0x0000005f3d500000,0x0000005f3d600000)]
  0x000001fe5475a000 JavaThread "Cache worker for file hash cache (C:\Users\Igor-\.gradle\caches\7.3.3\fileHashes)" [_thread_blocked, id=36464, stack(0x0000005f3d600000,0x0000005f3d700000)]
  0x000001fe5475b000 JavaThread "File watcher server" daemon [_thread_in_native, id=25832, stack(0x0000005f3da00000,0x0000005f3db00000)]
  0x000001fe54757000 JavaThread "File watcher consumer" daemon [_thread_blocked, id=23784, stack(0x0000005f3db00000,0x0000005f3dc00000)]
  0x000001fe5475b800 JavaThread "Cache worker for execution history cache (C:\Users\Igor-\.gradle\caches\7.3.3\executionHistory)" [_thread_blocked, id=21528, stack(0x0000005f3df00000,0x0000005f3e000000)]
  0x000001fe5475c800 JavaThread "jar transforms" [_thread_blocked, id=31540, stack(0x0000005f3e000000,0x0000005f3e100000)]
  0x000001fe5475d800 JavaThread "Cache worker for file content cache (C:\Users\Igor-\.gradle\caches\7.3.3\fileContent)" [_thread_blocked, id=19892, stack(0x0000005f3e100000,0x0000005f3e200000)]
  0x000001fe54759000 JavaThread "jar transforms Thread 2" [_thread_blocked, id=19404, stack(0x0000005f3e200000,0x0000005f3e300000)]
  0x000001fe54763000 JavaThread "jar transforms Thread 3" [_thread_blocked, id=26808, stack(0x0000005f3e400000,0x0000005f3e500000)]
  0x000001fe56195000 JavaThread "jar transforms Thread 4" [_thread_blocked, id=9704, stack(0x0000005f45e00000,0x0000005f45f00000)]
  0x000001fe56196000 JavaThread "jar transforms Thread 5" [_thread_blocked, id=23680, stack(0x0000005f45f00000,0x0000005f46000000)]
  0x000001fe56191000 JavaThread "jar transforms Thread 6" [_thread_blocked, id=16696, stack(0x0000005f46000000,0x0000005f46100000)]
  0x000001fe56197000 JavaThread "jar transforms Thread 7" [_thread_blocked, id=33508, stack(0x0000005f46100000,0x0000005f46200000)]
  0x000001fe56197800 JavaThread "jar transforms Thread 8" [_thread_blocked, id=21116, stack(0x0000005f46200000,0x0000005f46300000)]
  0x000001fe56192000 JavaThread "jar transforms Thread 9" [_thread_blocked, id=25692, stack(0x0000005f46300000,0x0000005f46400000)]
  0x000001fe56199800 JavaThread "jar transforms Thread 10" [_thread_blocked, id=608, stack(0x0000005f46400000,0x0000005f46500000)]
  0x000001fe5619b800 JavaThread "jar transforms Thread 11" [_thread_blocked, id=8072, stack(0x0000005f46500000,0x0000005f46600000)]
  0x000001fe5619c800 JavaThread "jar transforms Thread 12" [_thread_blocked, id=7492, stack(0x0000005f46600000,0x0000005f46700000)]
  0x000001fe5619a000 JavaThread "Memory manager" [_thread_blocked, id=16972, stack(0x0000005f46800000,0x0000005f46900000)]
  0x000001fe5619b000 JavaThread "pool-3-thread-1" [_thread_blocked, id=3456, stack(0x0000005f46a00000,0x0000005f46b00000)]
  0x000001fe59e25800 JavaThread "RMI Scheduler(0)" daemon [_thread_blocked, id=20956, stack(0x0000005f46700000,0x0000005f46800000)]
  0x000001fe59e24800 JavaThread "RMI GC Daemon" daemon [_thread_blocked, id=20408, stack(0x0000005f47a00000,0x0000005f47b00000)]
  0x000001fe59e1f800 JavaThread "RMI TCP Accept-0" daemon [_thread_in_native, id=23344, stack(0x0000005f47b00000,0x0000005f47c00000)]
  0x000001fe59e26000 JavaThread "RMI Reaper" [_thread_blocked, id=26608, stack(0x0000005f47c00000,0x0000005f47d00000)]
  0x000001fe59e27000 JavaThread "Cache worker for Java compile cache (C:\Users\Igor-\.gradle\caches\7.3.3\javaCompile)" [_thread_blocked, id=33656, stack(0x0000005f47e00000,0x0000005f47f00000)]
  0x000001fe5c359800 JavaThread "ForkJoinPool.commonPool-worker-19" daemon [_thread_blocked, id=14924, stack(0x0000005f49500000,0x0000005f49600000)]
  0x000001fe5c356000 JavaThread "ForkJoinPool.commonPool-worker-17" daemon [_thread_blocked, id=35460, stack(0x0000005f49c00000,0x0000005f49d00000)]
  0x000001fe5c35d800 JavaThread "ForkJoinPool.commonPool-worker-7" daemon [_thread_blocked, id=28380, stack(0x0000005f49f00000,0x0000005f4a000000)]
  0x000001fe5dcfe000 JavaThread "pool-7-thread-1" [_thread_blocked, id=33552, stack(0x0000005f47100000,0x0000005f47200000)]
  0x000001fe5bea0000 JavaThread "pool-10-thread-1" [_thread_blocked, id=24356, stack(0x0000005f46d00000,0x0000005f46e00000)]
  0x000001fe5dcf3000 JavaThread "Daemon Thread 3" [_thread_blocked, id=11272, stack(0x0000005f3ad00000,0x0000005f3ae00000)]
  0x000001fe5dcf9800 JavaThread "Handler for socket connection from /127.0.0.1:60888 to /127.0.0.1:61301" [_thread_in_native, id=15304, stack(0x0000005f3ae00000,0x0000005f3af00000)]
  0x000001fe5dcf5800 JavaThread "Cancel handler" [_thread_blocked, id=22996, stack(0x0000005f3af00000,0x0000005f3b000000)]
  0x000001fe5dcf8000 JavaThread "Daemon worker Thread 3" [_thread_in_vm, id=26964, stack(0x0000005f3c600000,0x0000005f3c700000)]
  0x000001fe5dcf6800 JavaThread "Asynchronous log dispatcher for DefaultDaemonConnection: socket connection from /127.0.0.1:60888 to /127.0.0.1:61301" [_thread_blocked, id=23524, stack(0x0000005f3c700000,0x0000005f3c800000)]
  0x000001fe5dcf7800 JavaThread "Stdin handler" [_thread_blocked, id=34168, stack(0x0000005f3c800000,0x0000005f3c900000)]
  0x000001fe5dcf4000 JavaThread "Daemon client event forwarder" [_thread_in_vm, id=36028, stack(0x0000005f3c900000,0x0000005f3ca00000)]
  0x000001fe5dcf5000 JavaThread "Cache worker for file hash cache (C:\Users\Igor-\AndroidStudioProjects\KODE_traine_test\.gradle\7.3.3\fileHashes)" [_thread_blocked, id=19104, stack(0x0000005f3ca00000,0x0000005f3cb00000)]
  0x000001fe5dcfe800 JavaThread "Cache worker for checksums cache (C:\Users\Igor-\AndroidStudioProjects\KODE_traine_test\.gradle\7.3.3\checksums)" [_thread_blocked, id=24280, stack(0x0000005f3cb00000,0x0000005f3cc00000)]
  0x000001fe5dcf9000 JavaThread "Cache worker for cache directory md-supplier (C:\Users\Igor-\.gradle\caches\7.3.3\md-supplier)" [_thread_blocked, id=6488, stack(0x0000005f3cc00000,0x0000005f3cd00000)]
  0x000001fe5dcfa800 JavaThread "Cache worker for cache directory md-rule (C:\Users\Igor-\.gradle\caches\7.3.3\md-rule)" [_thread_blocked, id=19900, stack(0x0000005f3de00000,0x0000005f3df00000)]
  0x000001fe5dcfc000 JavaThread "Cache worker for dependencies-accessors (C:\Users\Igor-\AndroidStudioProjects\KODE_traine_test\.gradle\7.3.3\dependencies-accessors)" [_thread_blocked, id=30468, stack(0x0000005f3e300000,0x0000005f3e400000)]
  0x000001fe5dcfd000 JavaThread "Cache worker for Build Output Cleanup Cache (C:\Users\Igor-\AndroidStudioProjects\KODE_traine_test\.gradle\buildOutputCleanup)" [_thread_blocked, id=21868, stack(0x0000005f3e500000,0x0000005f3e600000)]
  0x000001fe5dd00800 JavaThread "Unconstrained build operations" [_thread_blocked, id=9456, stack(0x0000005f3e600000,0x0000005f3e700000)]
  0x000001fe5dd01000 JavaThread "Unconstrained build operations Thread 2" [_thread_blocked, id=9968, stack(0x0000005f3e700000,0x0000005f3e800000)]
  0x000001fe5dcff800 JavaThread "Unconstrained build operations Thread 3" [_thread_blocked, id=28720, stack(0x0000005f3e800000,0x0000005f3e900000)]
  0x000001fe5dcfb800 JavaThread "Unconstrained build operations Thread 4" [_thread_blocked, id=13924, stack(0x0000005f3e900000,0x0000005f3ea00000)]
  0x000001fe5dd02000 JavaThread "Unconstrained build operations Thread 5" [_thread_blocked, id=13792, stack(0x0000005f3ea00000,0x0000005f3eb00000)]
  0x000001fe5dd08800 JavaThread "Unconstrained build operations Thread 6" [_thread_blocked, id=21064, stack(0x0000005f3eb00000,0x0000005f3ec00000)]
  0x000001fe5dd07000 JavaThread "Unconstrained build operations Thread 7" [_thread_blocked, id=18176, stack(0x0000005f3ec00000,0x0000005f3ed00000)]
  0x000001fe5dd07800 JavaThread "Unconstrained build operations Thread 8" [_thread_blocked, id=16784, stack(0x0000005f3ed00000,0x0000005f3ee00000)]
  0x000001fe5dd02800 JavaThread "Unconstrained build operations Thread 9" [_thread_blocked, id=33716, stack(0x0000005f3ee00000,0x0000005f3ef00000)]
  0x000001fe5dd09800 JavaThread "Unconstrained build operations Thread 10" [_thread_blocked, id=14484, stack(0x0000005f3ef00000,0x0000005f3f000000)]
  0x000001fe5dd04800 JavaThread "Unconstrained build operations Thread 11" [_thread_blocked, id=22180, stack(0x0000005f3f000000,0x0000005f3f100000)]
  0x000001fe5dd06000 JavaThread "Unconstrained build operations Thread 12" [_thread_blocked, id=156, stack(0x0000005f3f100000,0x0000005f3f200000)]
  0x000001fe5dd05000 JavaThread "Unconstrained build operations Thread 13" [_thread_blocked, id=31208, stack(0x0000005f3f200000,0x0000005f3f300000)]
  0x000001fe5dd03800 JavaThread "Unconstrained build operations Thread 14" [_thread_blocked, id=25860, stack(0x0000005f3f300000,0x0000005f3f400000)]
  0x000001fe5dd0c800 JavaThread "Unconstrained build operations Thread 15" [_thread_blocked, id=13308, stack(0x0000005f3f400000,0x0000005f3f500000)]
  0x000001fe5dd0e000 JavaThread "Unconstrained build operations Thread 16" [_thread_blocked, id=10820, stack(0x0000005f3f500000,0x0000005f3f600000)]
  0x000001fe5dd0b800 JavaThread "Unconstrained build operations Thread 17" [_thread_blocked, id=36392, stack(0x0000005f3f600000,0x0000005f3f700000)]

Other Threads:
  0x000001fe51683000 VMThread "VM Thread" [stack: 0x0000005f3b600000,0x0000005f3b700000] [id=22012]
  0x000001fe521bc800 WatcherThread [stack: 0x0000005f3c000000,0x0000005f3c100000] [id=23120]
  0x000001fe365f0000 GCTaskThread "GC Thread#0" [stack: 0x0000005f3b100000,0x0000005f3b200000] [id=36188]
  0x000001fe52ff3000 GCTaskThread "GC Thread#1" [stack: 0x0000005f3c100000,0x0000005f3c200000] [id=2784]
  0x000001fe52e8a800 GCTaskThread "GC Thread#2" [stack: 0x0000005f3c200000,0x0000005f3c300000] [id=32776]
  0x000001fe540d7800 GCTaskThread "GC Thread#3" [stack: 0x0000005f3cd00000,0x0000005f3ce00000] [id=29156]
  0x000001fe5334a800 GCTaskThread "GC Thread#4" [stack: 0x0000005f3ce00000,0x0000005f3cf00000] [id=29304]
  0x000001fe540db800 GCTaskThread "GC Thread#5" [stack: 0x0000005f3cf00000,0x0000005f3d000000] [id=34156]
  0x000001fe53a12800 GCTaskThread "GC Thread#6" [stack: 0x0000005f3d000000,0x0000005f3d100000] [id=20012]
  0x000001fe54513000 GCTaskThread "GC Thread#7" [stack: 0x0000005f3d100000,0x0000005f3d200000] [id=32440]
  0x000001fe5450f800 GCTaskThread "GC Thread#8" [stack: 0x0000005f3d200000,0x0000005f3d300000] [id=29224]
  0x000001fe5450f000 GCTaskThread "GC Thread#9" [stack: 0x0000005f3d300000,0x0000005f3d400000] [id=20912]
  0x000001fe36622000 ConcurrentGCThread "G1 Main Marker" [stack: 0x0000005f3b200000,0x0000005f3b300000] [id=16708]
  0x000001fe36627800 ConcurrentGCThread "G1 Conc#0" [stack: 0x0000005f3b300000,0x0000005f3b400000] [id=6460]
  0x000001fe54512800 ConcurrentGCThread "G1 Conc#1" [stack: 0x0000005f3d700000,0x0000005f3d800000] [id=25372]
  0x000001fe54514800 ConcurrentGCThread "G1 Conc#2" [stack: 0x0000005f3d800000,0x0000005f3d900000] [id=2740]
  0x000001fe514d4800 ConcurrentGCThread "G1 Refine#0" [stack: 0x0000005f3b400000,0x0000005f3b500000] [id=24396]
  0x000001fe588b0800 ConcurrentGCThread "G1 Refine#1" [stack: 0x0000005f3d900000,0x0000005f3da00000] [id=35232]
  0x000001fe5b984800 ConcurrentGCThread "G1 Refine#2" [stack: 0x0000005f3dc00000,0x0000005f3dd00000] [id=36840]
  0x000001fe5dd40000 ConcurrentGCThread "G1 Refine#3" [stack: 0x0000005f3dd00000,0x0000005f3de00000] [id=12496]
  0x000001fe366be800 ConcurrentGCThread "G1 Young RemSet Sampling" [stack: 0x0000005f3b500000,0x0000005f3b600000] [id=15904]

Threads with active compile tasks:
C2 CompilerThread0 514346 16526       4       org.gradle.internal.component.model.DefaultIvyArtifactName::computeHashCode (71 bytes)

VM state:not at safepoint (normal execution)

VM Mutex/Monitor currently owned by a thread: None

OutOfMemory and StackOverflow Exception counts:
OutOfMemoryError java_heap_errors=1
LinkageErrors=214

Heap address: 0x0000000080000000, size: 2048 MB, Compressed Oops mode: 32-bit
Narrow klass base: 0x0000000000000000, Narrow klass shift: 3
Compressed class space size: 1073741824 Address: 0x0000000100000000

Heap:
 garbage-first heap   total 225280K, used 177962K [0x0000000080000000, 0x0000000100000000)
  region size 1024K, 67 young (68608K), 8 survivors (8192K)
 Metaspace       used 120362K, capacity 123952K, committed 125056K, reserved 1157120K
  class space    used 15532K, capacity 16891K, committed 17280K, reserved 1048576K
Heap Regions: E=young(eden), S=young(survivor), O=old, HS=humongous(starts), HC=humongous(continues), CS=collection set, F=free, A=archive, TAMS=top-at-mark-start (previous, next)
|   0|0x0000000080000000, 0x0000000080100000, 0x0000000080100000|100%| O|  |TAMS 0x0000000080100000, 0x0000000080000000| Untracked 
|   1|0x0000000080100000, 0x0000000080200000, 0x0000000080200000|100%| O|  |TAMS 0x0000000080200000, 0x0000000080100000| Untracked 
|   2|0x0000000080200000, 0x0000000080300000, 0x0000000080300000|100%| O|  |TAMS 0x0000000080300000, 0x0000000080200000| Untracked 
|   3|0x0000000080300000, 0x0000000080400000, 0x0000000080400000|100%|HS|  |TAMS 0x0000000080400000, 0x0000000080300000| Complete 
|   4|0x0000000080400000, 0x0000000080500000, 0x0000000080500000|100%|HC|  |TAMS 0x0000000080500000, 0x0000000080400000| Complete 
|   5|0x0000000080500000, 0x0000000080600000, 0x0000000080600000|100%|HC|  |TAMS 0x0000000080600000, 0x0000000080500000| Complete 
|   6|0x0000000080600000, 0x0000000080700000, 0x0000000080700000|100%| O|  |TAMS 0x0000000080700000, 0x0000000080600000| Untracked 
|   7|0x0000000080700000, 0x0000000080800000, 0x0000000080800000|100%| O|  |TAMS 0x0000000080800000, 0x0000000080700000| Complete 
|   8|0x0000000080800000, 0x0000000080900000, 0x0000000080900000|100%| O|  |TAMS 0x0000000080900000, 0x0000000080800000| Untracked 
|   9|0x0000000080900000, 0x0000000080a00000, 0x0000000080a00000|100%| O|  |TAMS 0x0000000080a00000, 0x0000000080900000| Untracked 
|  10|0x0000000080a00000, 0x0000000080b00000, 0x0000000080b00000|100%| O|  |TAMS 0x0000000080b00000, 0x0000000080a00000| Complete 
|  11|0x0000000080b00000, 0x0000000080c00000, 0x0000000080c00000|100%| O|  |TAMS 0x0000000080c00000, 0x0000000080b00000| Untracked 
|  12|0x0000000080c00000, 0x0000000080d00000, 0x0000000080d00000|100%| O|  |TAMS 0x0000000080d00000, 0x0000000080c00000| Untracked 
|  13|0x0000000080d00000, 0x0000000080e00000, 0x0000000080e00000|100%| O|  |TAMS 0x0000000080e00000, 0x0000000080d00000| Untracked 
|  14|0x0000000080e00000, 0x0000000080f00000, 0x0000000080f00000|100%| O|  |TAMS 0x0000000080f00000, 0x0000000080e00000| Untracked 
|  15|0x0000000080f00000, 0x0000000081000000, 0x0000000081000000|100%| O|  |TAMS 0x0000000081000000, 0x0000000080f00000| Untracked 
|  16|0x0000000081000000, 0x0000000081100000, 0x0000000081100000|100%|HS|  |TAMS 0x0000000081100000, 0x0000000081000000| Complete 
|  17|0x0000000081100000, 0x0000000081200000, 0x0000000081200000|100%| O|  |TAMS 0x0000000081200000, 0x0000000081100000| Untracked 
|  18|0x0000000081200000, 0x0000000081300000, 0x0000000081300000|100%| O|  |TAMS 0x0000000081300000, 0x0000000081200000| Untracked 
|  19|0x0000000081300000, 0x0000000081400000, 0x0000000081400000|100%| O|  |TAMS 0x0000000081400000, 0x0000000081300000| Complete 
|  20|0x0000000081400000, 0x0000000081500000, 0x0000000081500000|100%| O|  |TAMS 0x0000000081500000, 0x0000000081400000| Untracked 
|  21|0x0000000081500000, 0x0000000081600000, 0x0000000081600000|100%| O|  |TAMS 0x0000000081600000, 0x0000000081500000| Complete 
|  22|0x0000000081600000, 0x0000000081700000, 0x0000000081700000|100%| O|  |TAMS 0x0000000081700000, 0x0000000081600000| Untracked 
|  23|0x0000000081700000, 0x0000000081800000, 0x0000000081800000|100%| O|  |TAMS 0x0000000081800000, 0x0000000081700000| Untracked 
|  24|0x0000000081800000, 0x0000000081900000, 0x0000000081900000|100%| O|  |TAMS 0x0000000081900000, 0x0000000081800000| Untracked 
|  25|0x0000000081900000, 0x0000000081a00000, 0x0000000081a00000|100%| O|  |TAMS 0x0000000081a00000, 0x0000000081900000| Untracked 
|  26|0x0000000081a00000, 0x0000000081b00000, 0x0000000081b00000|100%| O|  |TAMS 0x0000000081b00000, 0x0000000081a00000| Untracked 
|  27|0x0000000081b00000, 0x0000000081c00000, 0x0000000081c00000|100%| O|  |TAMS 0x0000000081c00000, 0x0000000081b00000| Complete 
|  28|0x0000000081c00000, 0x0000000081d00000, 0x0000000081d00000|100%|HS|  |TAMS 0x0000000081d00000, 0x0000000081c00000| Complete 
|  29|0x0000000081d00000, 0x0000000081e00000, 0x0000000081e00000|100%|HS|  |TAMS 0x0000000081e00000, 0x0000000081d00000| Complete 
|  30|0x0000000081e00000, 0x0000000081f00000, 0x0000000081f00000|100%|HS|  |TAMS 0x0000000081f00000, 0x0000000081e00000| Complete 
|  31|0x0000000081f00000, 0x0000000082000000, 0x0000000082000000|100%|HC|  |TAMS 0x0000000082000000, 0x0000000081f00000| Complete 
|  32|0x0000000082000000, 0x0000000082100000, 0x0000000082100000|100%|HC|  |TAMS 0x0000000082100000, 0x0000000082000000| Complete 
|  33|0x0000000082100000, 0x0000000082200000, 0x0000000082200000|100%|HS|  |TAMS 0x0000000082200000, 0x0000000082100000| Complete 
|  34|0x0000000082200000, 0x0000000082300000, 0x0000000082300000|100%|HC|  |TAMS 0x0000000082300000, 0x0000000082200000| Complete 
|  35|0x0000000082300000, 0x0000000082400000, 0x0000000082400000|100%| O|  |TAMS 0x0000000082400000, 0x0000000082300000| Untracked 
|  36|0x0000000082400000, 0x0000000082500000, 0x0000000082500000|100%| O|  |TAMS 0x0000000082500000, 0x0000000082400000| Untracked 
|  37|0x0000000082500000, 0x0000000082600000, 0x0000000082600000|100%| O|  |TAMS 0x0000000082600000, 0x0000000082500000| Untracked 
|  38|0x0000000082600000, 0x0000000082700000, 0x0000000082700000|100%| O|  |TAMS 0x0000000082700000, 0x0000000082600000| Complete 
|  39|0x0000000082700000, 0x0000000082800000, 0x0000000082800000|100%| O|  |TAMS 0x0000000082800000, 0x0000000082700000| Complete 
|  40|0x0000000082800000, 0x0000000082900000, 0x0000000082900000|100%| O|  |TAMS 0x0000000082900000, 0x0000000082800000| Untracked 
|  41|0x0000000082900000, 0x0000000082a00000, 0x0000000082a00000|100%| O|  |TAMS 0x0000000082a00000, 0x0000000082900000| Complete 
|  42|0x0000000082a00000, 0x0000000082b00000, 0x0000000082b00000|100%| O|  |TAMS 0x0000000082b00000, 0x0000000082a00000| Complete 
|  43|0x0000000082b00000, 0x0000000082c00000, 0x0000000082c00000|100%| O|  |TAMS 0x0000000082c00000, 0x0000000082b00000| Complete 
|  44|0x0000000082c00000, 0x0000000082d00000, 0x0000000082d00000|100%| O|  |TAMS 0x0000000082d00000, 0x0000000082c00000| Untracked 
|  45|0x0000000082d00000, 0x0000000082e00000, 0x0000000082e00000|100%| O|  |TAMS 0x0000000082e00000, 0x0000000082d00000| Untracked 
|  46|0x0000000082e00000, 0x0000000082f00000, 0x0000000082f00000|100%| O|  |TAMS 0x0000000082f00000, 0x0000000082e00000| Untracked 
|  47|0x0000000082f00000, 0x0000000083000000, 0x0000000083000000|100%| O|  |TAMS 0x0000000083000000, 0x0000000082f00000| Untracked 
|  48|0x0000000083000000, 0x0000000083100000, 0x0000000083100000|100%| O|  |TAMS 0x0000000083100000, 0x0000000083000000| Untracked 
|  49|0x0000000083100000, 0x0000000083200000, 0x0000000083200000|100%| O|  |TAMS 0x0000000083200000, 0x0000000083100000| Complete 
|  50|0x0000000083200000, 0x0000000083300000, 0x0000000083300000|100%| O|  |TAMS 0x0000000083300000, 0x0000000083200000| Untracked 
|  51|0x0000000083300000, 0x0000000083400000, 0x0000000083400000|100%| O|  |TAMS 0x0000000083400000, 0x0000000083300000| Untracked 
|  52|0x0000000083400000, 0x0000000083500000, 0x0000000083500000|100%| O|  |TAMS 0x0000000083500000, 0x0000000083400000| Untracked 
|  53|0x0000000083500000, 0x0000000083600000, 0x0000000083600000|100%| O|  |TAMS 0x0000000083600000, 0x0000000083500000| Untracked 
|  54|0x0000000083600000, 0x0000000083700000, 0x0000000083700000|100%| O|  |TAMS 0x0000000083700000, 0x0000000083600000| Untracked 
|  55|0x0000000083700000, 0x0000000083800000, 0x0000000083800000|100%| O|  |TAMS 0x0000000083800000, 0x0000000083700000| Untracked 
|  56|0x0000000083800000, 0x0000000083900000, 0x0000000083900000|100%| O|  |TAMS 0x0000000083900000, 0x0000000083800000| Complete 
|  57|0x0000000083900000, 0x0000000083a00000, 0x0000000083a00000|100%| O|  |TAMS 0x0000000083a00000, 0x0000000083900000| Untracked 
|  58|0x0000000083a00000, 0x0000000083b00000, 0x0000000083b00000|100%| O|  |TAMS 0x0000000083b00000, 0x0000000083a00000| Complete 
|  59|0x0000000083b00000, 0x0000000083c00000, 0x0000000083c00000|100%| O|  |TAMS 0x0000000083c00000, 0x0000000083b00000| Complete 
|  60|0x0000000083c00000, 0x0000000083d00000, 0x0000000083d00000|100%| O|  |TAMS 0x0000000083d00000, 0x0000000083c00000| Complete 
|  61|0x0000000083d00000, 0x0000000083e00000, 0x0000000083e00000|100%| O|  |TAMS 0x0000000083e00000, 0x0000000083d00000| Complete 
|  62|0x0000000083e00000, 0x0000000083f00000, 0x0000000083f00000|100%| O|  |TAMS 0x0000000083f00000, 0x0000000083e00000| Complete 
|  63|0x0000000083f00000, 0x0000000084000000, 0x0000000084000000|100%| O|  |TAMS 0x0000000084000000, 0x0000000083f00000| Complete 
|  64|0x0000000084000000, 0x0000000084100000, 0x0000000084100000|100%| O|  |TAMS 0x0000000084100000, 0x0000000084000000| Complete 
|  65|0x0000000084100000, 0x0000000084200000, 0x0000000084200000|100%| O|  |TAMS 0x0000000084200000, 0x0000000084100000| Complete 
|  66|0x0000000084200000, 0x0000000084300000, 0x0000000084300000|100%| O|  |TAMS 0x0000000084300000, 0x0000000084200000| Complete 
|  67|0x0000000084300000, 0x0000000084400000, 0x0000000084400000|100%| O|  |TAMS 0x0000000084400000, 0x0000000084300000| Complete 
|  68|0x0000000084400000, 0x0000000084500000, 0x0000000084500000|100%| O|  |TAMS 0x0000000084500000, 0x0000000084400000| Untracked 
|  69|0x0000000084500000, 0x0000000084600000, 0x0000000084600000|100%| O|  |TAMS 0x0000000084600000, 0x0000000084500000| Untracked 
|  70|0x0000000084600000, 0x0000000084700000, 0x0000000084700000|100%| O|  |TAMS 0x0000000084700000, 0x0000000084600000| Untracked 
|  71|0x0000000084700000, 0x0000000084800000, 0x0000000084800000|100%| O|  |TAMS 0x0000000084800000, 0x0000000084700000| Complete 
|  72|0x0000000084800000, 0x0000000084900000, 0x0000000084900000|100%| O|  |TAMS 0x0000000084900000, 0x0000000084800000| Complete 
|  73|0x0000000084900000, 0x0000000084a00000, 0x0000000084a00000|100%| O|  |TAMS 0x0000000084a00000, 0x0000000084900000| Complete 
|  74|0x0000000084a00000, 0x0000000084b00000, 0x0000000084b00000|100%| O|  |TAMS 0x0000000084b00000, 0x0000000084a00000| Complete 
|  75|0x0000000084b00000, 0x0000000084c00000, 0x0000000084c00000|100%| O|  |TAMS 0x0000000084c00000, 0x0000000084b00000| Complete 
|  76|0x0000000084c00000, 0x0000000084d00000, 0x0000000084d00000|100%| O|  |TAMS 0x0000000084d00000, 0x0000000084c00000| Complete 
|  77|0x0000000084d00000, 0x0000000084e00000, 0x0000000084e00000|100%| O|  |TAMS 0x0000000084e00000, 0x0000000084d00000| Complete 
|  78|0x0000000084e00000, 0x0000000084f00000, 0x0000000084f00000|100%| O|  |TAMS 0x0000000084f00000, 0x0000000084e00000| Complete 
|  79|0x0000000084f00000, 0x0000000085000000, 0x0000000085000000|100%| O|  |TAMS 0x0000000085000000, 0x0000000084f00000| Complete 
|  80|0x0000000085000000, 0x0000000085100000, 0x0000000085100000|100%| O|  |TAMS 0x0000000085100000, 0x0000000085000000| Untracked 
|  81|0x0000000085100000, 0x0000000085200000, 0x0000000085200000|100%| O|  |TAMS 0x0000000085200000, 0x0000000085100000| Complete 
|  82|0x0000000085200000, 0x0000000085300000, 0x0000000085300000|100%| O|  |TAMS 0x0000000085300000, 0x0000000085200000| Complete 
|  83|0x0000000085300000, 0x0000000085400000, 0x0000000085400000|100%| O|  |TAMS 0x0000000085400000, 0x0000000085300000| Complete 
|  84|0x0000000085400000, 0x0000000085500000, 0x0000000085500000|100%| O|  |TAMS 0x0000000085500000, 0x0000000085400000| Complete 
|  85|0x0000000085500000, 0x0000000085600000, 0x0000000085600000|100%| O|  |TAMS 0x0000000085600000, 0x0000000085500000| Untracked 
|  86|0x0000000085600000, 0x0000000085700000, 0x0000000085700000|100%| O|  |TAMS 0x0000000085700000, 0x0000000085600000| Untracked 
|  87|0x0000000085700000, 0x0000000085800000, 0x0000000085800000|100%| O|  |TAMS 0x0000000085800000, 0x0000000085700000| Complete 
|  88|0x0000000085800000, 0x0000000085900000, 0x0000000085900000|100%| O|  |TAMS 0x0000000085900000, 0x0000000085800000| Complete 
|  89|0x0000000085900000, 0x0000000085a00000, 0x0000000085a00000|100%| O|  |TAMS 0x0000000085a00000, 0x0000000085900000| Complete 
|  90|0x0000000085a00000, 0x0000000085b00000, 0x0000000085b00000|100%| O|  |TAMS 0x0000000085b00000, 0x0000000085a00000| Untracked 
|  91|0x0000000085b00000, 0x0000000085c00000, 0x0000000085c00000|100%| O|  |TAMS 0x0000000085c00000, 0x0000000085b00000| Untracked 
|  92|0x0000000085c00000, 0x0000000085d00000, 0x0000000085d00000|100%| O|  |TAMS 0x0000000085d00000, 0x0000000085c00000| Untracked 
|  93|0x0000000085d00000, 0x0000000085e00000, 0x0000000085e00000|100%| O|  |TAMS 0x0000000085e00000, 0x0000000085d00000| Untracked 
|  94|0x0000000085e00000, 0x0000000085f00000, 0x0000000085f00000|100%| O|  |TAMS 0x0000000085f00000, 0x0000000085e00000| Untracked 
|  95|0x0000000085f00000, 0x0000000086000000, 0x0000000086000000|100%| O|  |TAMS 0x0000000086000000, 0x0000000085f00000| Untracked 
|  96|0x0000000086000000, 0x0000000086100000, 0x0000000086100000|100%| O|  |TAMS 0x0000000086100000, 0x0000000086000000| Untracked 
|  97|0x0000000086100000, 0x0000000086200000, 0x0000000086200000|100%| O|  |TAMS 0x0000000086200000, 0x0000000086100000| Untracked 
|  98|0x0000000086200000, 0x00000000862eb200, 0x0000000086300000| 91%| O|  |TAMS 0x00000000862eb200, 0x0000000086200000| Untracked 
|  99|0x0000000086300000, 0x0000000086300000, 0x0000000086400000|  0%| F|  |TAMS 0x0000000086300000, 0x0000000086300000| Untracked 
| 100|0x0000000086400000, 0x0000000086400000, 0x0000000086500000|  0%| F|  |TAMS 0x0000000086400000, 0x0000000086400000| Untracked 
| 101|0x0000000086500000, 0x0000000086500000, 0x0000000086600000|  0%| F|  |TAMS 0x0000000086500000, 0x0000000086500000| Untracked 
| 102|0x0000000086600000, 0x0000000086600000, 0x0000000086700000|  0%| F|  |TAMS 0x0000000086600000, 0x0000000086600000| Untracked 
| 103|0x0000000086700000, 0x0000000086700000, 0x0000000086800000|  0%| F|  |TAMS 0x0000000086700000, 0x0000000086700000| Untracked 
| 104|0x0000000086800000, 0x0000000086800000, 0x0000000086900000|  0%| F|  |TAMS 0x0000000086800000, 0x0000000086800000| Untracked 
| 105|0x0000000086900000, 0x0000000086900000, 0x0000000086a00000|  0%| F|  |TAMS 0x0000000086900000, 0x0000000086900000| Untracked 
| 106|0x0000000086a00000, 0x0000000086b00000, 0x0000000086b00000|100%| O|  |TAMS 0x0000000086b00000, 0x0000000086a00000| Untracked 
| 107|0x0000000086b00000, 0x0000000086c00000, 0x0000000086c00000|100%| O|  |TAMS 0x0000000086c00000, 0x0000000086b00000| Untracked 
| 108|0x0000000086c00000, 0x0000000086d00000, 0x0000000086d00000|100%| O|  |TAMS 0x0000000086d00000, 0x0000000086c00000| Complete 
| 109|0x0000000086d00000, 0x0000000086e00000, 0x0000000086e00000|100%| O|  |TAMS 0x0000000086e00000, 0x0000000086d00000| Complete 
| 110|0x0000000086e00000, 0x0000000086f00000, 0x0000000086f00000|100%| O|  |TAMS 0x0000000086f00000, 0x0000000086e00000| Complete 
| 111|0x0000000086f00000, 0x0000000087000000, 0x0000000087000000|100%| O|  |TAMS 0x0000000087000000, 0x0000000086f00000| Untracked 
| 112|0x0000000087000000, 0x0000000087100000, 0x0000000087100000|100%| O|  |TAMS 0x0000000087100000, 0x0000000087000000| Untracked 
| 113|0x0000000087100000, 0x0000000087200000, 0x0000000087200000|100%| O|  |TAMS 0x0000000087200000, 0x0000000087100000| Untracked 
| 114|0x0000000087200000, 0x0000000087300000, 0x0000000087300000|100%| O|  |TAMS 0x0000000087300000, 0x0000000087200000| Untracked 
| 115|0x0000000087300000, 0x0000000087400000, 0x0000000087400000|100%| O|  |TAMS 0x0000000087400000, 0x0000000087300000| Complete 
| 116|0x0000000087400000, 0x0000000087400000, 0x0000000087500000|  0%| F|  |TAMS 0x0000000087400000, 0x0000000087400000| Untracked 
| 117|0x0000000087500000, 0x0000000087500000, 0x0000000087600000|  0%| F|  |TAMS 0x0000000087500000, 0x0000000087500000| Untracked 
| 118|0x0000000087600000, 0x0000000087600000, 0x0000000087700000|  0%| F|  |TAMS 0x0000000087600000, 0x0000000087600000| Untracked 
| 119|0x0000000087700000, 0x0000000087700000, 0x0000000087800000|  0%| F|  |TAMS 0x0000000087700000, 0x0000000087700000| Untracked 
| 120|0x0000000087800000, 0x0000000087800000, 0x0000000087900000|  0%| F|  |TAMS 0x0000000087800000, 0x0000000087800000| Untracked 
| 121|0x0000000087900000, 0x0000000087900000, 0x0000000087a00000|  0%| F|  |TAMS 0x0000000087900000, 0x0000000087900000| Untracked 
| 122|0x0000000087a00000, 0x0000000087a00000, 0x0000000087b00000|  0%| F|  |TAMS 0x0000000087a00000, 0x0000000087a00000| Untracked 
| 123|0x0000000087b00000, 0x0000000087b00000, 0x0000000087c00000|  0%| F|  |TAMS 0x0000000087b00000, 0x0000000087b00000| Untracked 
| 124|0x0000000087c00000, 0x0000000087c00000, 0x0000000087d00000|  0%| F|  |TAMS 0x0000000087c00000, 0x0000000087c00000| Untracked 
| 125|0x0000000087d00000, 0x0000000087d00000, 0x0000000087e00000|  0%| F|  |TAMS 0x0000000087d00000, 0x0000000087d00000| Untracked 
| 126|0x0000000087e00000, 0x0000000087e00000, 0x0000000087f00000|  0%| F|  |TAMS 0x0000000087e00000, 0x0000000087e00000| Untracked 
| 127|0x0000000087f00000, 0x0000000087f00000, 0x0000000088000000|  0%| F|  |TAMS 0x0000000087f00000, 0x0000000087f00000| Untracked 
| 128|0x0000000088000000, 0x0000000088000000, 0x0000000088100000|  0%| F|  |TAMS 0x0000000088000000, 0x0000000088000000| Untracked 
| 129|0x0000000088100000, 0x0000000088100000, 0x0000000088200000|  0%| F|  |TAMS 0x0000000088100000, 0x0000000088100000| Untracked 
| 130|0x0000000088200000, 0x0000000088200000, 0x0000000088300000|  0%| F|  |TAMS 0x0000000088200000, 0x0000000088200000| Untracked 
| 131|0x0000000088300000, 0x0000000088300000, 0x0000000088400000|  0%| F|  |TAMS 0x0000000088300000, 0x0000000088300000| Untracked 
| 132|0x0000000088400000, 0x0000000088400000, 0x0000000088500000|  0%| F|  |TAMS 0x0000000088400000, 0x0000000088400000| Untracked 
| 133|0x0000000088500000, 0x0000000088500000, 0x0000000088600000|  0%| F|  |TAMS 0x0000000088500000, 0x0000000088500000| Untracked 
| 134|0x0000000088600000, 0x0000000088600000, 0x0000000088700000|  0%| F|  |TAMS 0x0000000088600000, 0x0000000088600000| Untracked 
| 135|0x0000000088700000, 0x0000000088700000, 0x0000000088800000|  0%| F|  |TAMS 0x0000000088700000, 0x0000000088700000| Untracked 
| 136|0x0000000088800000, 0x0000000088800000, 0x0000000088900000|  0%| F|  |TAMS 0x0000000088800000, 0x0000000088800000| Untracked 
| 137|0x0000000088900000, 0x0000000088900000, 0x0000000088a00000|  0%| F|  |TAMS 0x0000000088900000, 0x0000000088900000| Untracked 
| 138|0x0000000088a00000, 0x0000000088a00000, 0x0000000088b00000|  0%| F|  |TAMS 0x0000000088a00000, 0x0000000088a00000| Untracked 
| 139|0x0000000088b00000, 0x0000000088bdf728, 0x0000000088c00000| 87%| S|CS|TAMS 0x0000000088b00000, 0x0000000088b00000| Complete 
| 140|0x0000000088c00000, 0x0000000088d00000, 0x0000000088d00000|100%| S|CS|TAMS 0x0000000088c00000, 0x0000000088c00000| Complete 
| 141|0x0000000088d00000, 0x0000000088e00000, 0x0000000088e00000|100%| S|CS|TAMS 0x0000000088d00000, 0x0000000088d00000| Complete 
| 142|0x0000000088e00000, 0x0000000088e00000, 0x0000000088f00000|  0%| F|  |TAMS 0x0000000088e00000, 0x0000000088e00000| Untracked 
| 143|0x0000000088f00000, 0x0000000089000000, 0x0000000089000000|100%| S|CS|TAMS 0x0000000088f00000, 0x0000000088f00000| Complete 
| 144|0x0000000089000000, 0x0000000089000000, 0x0000000089100000|  0%| F|  |TAMS 0x0000000089000000, 0x0000000089000000| Untracked 
| 145|0x0000000089100000, 0x0000000089100000, 0x0000000089200000|  0%| F|  |TAMS 0x0000000089100000, 0x0000000089100000| Untracked 
| 146|0x0000000089200000, 0x0000000089300000, 0x0000000089300000|100%| S|CS|TAMS 0x0000000089200000, 0x0000000089200000| Complete 
| 147|0x0000000089300000, 0x0000000089400000, 0x0000000089400000|100%| S|CS|TAMS 0x0000000089300000, 0x0000000089300000| Complete 
| 148|0x0000000089400000, 0x0000000089500000, 0x0000000089500000|100%| S|CS|TAMS 0x0000000089400000, 0x0000000089400000| Complete 
| 149|0x0000000089500000, 0x0000000089600000, 0x0000000089600000|100%| S|CS|TAMS 0x0000000089500000, 0x0000000089500000| Complete 
| 150|0x0000000089600000, 0x0000000089600000, 0x0000000089700000|  0%| F|  |TAMS 0x0000000089600000, 0x0000000089600000| Untracked 
| 151|0x0000000089700000, 0x0000000089700000, 0x0000000089800000|  0%| F|  |TAMS 0x0000000089700000, 0x0000000089700000| Untracked 
| 152|0x0000000089800000, 0x0000000089800000, 0x0000000089900000|  0%| F|  |TAMS 0x0000000089800000, 0x0000000089800000| Untracked 
| 153|0x0000000089900000, 0x0000000089900000, 0x0000000089a00000|  0%| F|  |TAMS 0x0000000089900000, 0x0000000089900000| Untracked 
| 154|0x0000000089a00000, 0x0000000089a00000, 0x0000000089b00000|  0%| F|  |TAMS 0x0000000089a00000, 0x0000000089a00000| Untracked 
| 155|0x0000000089b00000, 0x0000000089b00000, 0x0000000089c00000|  0%| F|  |TAMS 0x0000000089b00000, 0x0000000089b00000| Untracked 
| 156|0x0000000089c00000, 0x0000000089c00000, 0x0000000089d00000|  0%| F|  |TAMS 0x0000000089c00000, 0x0000000089c00000| Untracked 
| 157|0x0000000089d00000, 0x0000000089d00000, 0x0000000089e00000|  0%| F|  |TAMS 0x0000000089d00000, 0x0000000089d00000| Untracked 
| 158|0x0000000089e00000, 0x0000000089e00000, 0x0000000089f00000|  0%| F|  |TAMS 0x0000000089e00000, 0x0000000089e00000| Untracked 
| 159|0x0000000089f00000, 0x0000000089f00000, 0x000000008a000000|  0%| F|  |TAMS 0x0000000089f00000, 0x0000000089f00000| Untracked 
| 160|0x000000008a000000, 0x000000008a000000, 0x000000008a100000|  0%| F|  |TAMS 0x000000008a000000, 0x000000008a000000| Untracked 
| 161|0x000000008a100000, 0x000000008a19d5f0, 0x000000008a200000| 61%| E|  |TAMS 0x000000008a100000, 0x000000008a100000| Complete 
| 162|0x000000008a200000, 0x000000008a300000, 0x000000008a300000|100%| E|CS|TAMS 0x000000008a200000, 0x000000008a200000| Complete 
| 163|0x000000008a300000, 0x000000008a400000, 0x000000008a400000|100%| E|CS|TAMS 0x000000008a300000, 0x000000008a300000| Complete 
| 164|0x000000008a400000, 0x000000008a500000, 0x000000008a500000|100%| E|CS|TAMS 0x000000008a400000, 0x000000008a400000| Complete 
| 165|0x000000008a500000, 0x000000008a600000, 0x000000008a600000|100%| E|CS|TAMS 0x000000008a500000, 0x000000008a500000| Complete 
| 166|0x000000008a600000, 0x000000008a700000, 0x000000008a700000|100%| E|  |TAMS 0x000000008a600000, 0x000000008a600000| Complete 
| 167|0x000000008a700000, 0x000000008a800000, 0x000000008a800000|100%| E|CS|TAMS 0x000000008a700000, 0x000000008a700000| Complete 
| 168|0x000000008a800000, 0x000000008a900000, 0x000000008a900000|100%| E|CS|TAMS 0x000000008a800000, 0x000000008a800000| Complete 
| 169|0x000000008a900000, 0x000000008aa00000, 0x000000008aa00000|100%| E|CS|TAMS 0x000000008a900000, 0x000000008a900000| Complete 
| 170|0x000000008aa00000, 0x000000008ab00000, 0x000000008ab00000|100%| E|CS|TAMS 0x000000008aa00000, 0x000000008aa00000| Complete 
| 171|0x000000008ab00000, 0x000000008ac00000, 0x000000008ac00000|100%| E|CS|TAMS 0x000000008ab00000, 0x000000008ab00000| Complete 
| 172|0x000000008ac00000, 0x000000008ad00000, 0x000000008ad00000|100%| E|CS|TAMS 0x000000008ac00000, 0x000000008ac00000| Complete 
| 173|0x000000008ad00000, 0x000000008ae00000, 0x000000008ae00000|100%| E|CS|TAMS 0x000000008ad00000, 0x000000008ad00000| Complete 
| 174|0x000000008ae00000, 0x000000008af00000, 0x000000008af00000|100%| E|CS|TAMS 0x000000008ae00000, 0x000000008ae00000| Complete 
| 175|0x000000008af00000, 0x000000008b000000, 0x000000008b000000|100%| E|CS|TAMS 0x000000008af00000, 0x000000008af00000| Complete 
| 176|0x000000008b000000, 0x000000008b100000, 0x000000008b100000|100%| E|CS|TAMS 0x000000008b000000, 0x000000008b000000| Complete 
| 177|0x000000008b100000, 0x000000008b200000, 0x000000008b200000|100%| E|CS|TAMS 0x000000008b100000, 0x000000008b100000| Complete 
| 178|0x000000008b200000, 0x000000008b300000, 0x000000008b300000|100%| E|CS|TAMS 0x000000008b200000, 0x000000008b200000| Complete 
| 179|0x000000008b300000, 0x000000008b400000, 0x000000008b400000|100%| E|CS|TAMS 0x000000008b300000, 0x000000008b300000| Complete 
| 180|0x000000008b400000, 0x000000008b500000, 0x000000008b500000|100%| E|CS|TAMS 0x000000008b400000, 0x000000008b400000| Complete 
| 181|0x000000008b500000, 0x000000008b600000, 0x000000008b600000|100%| E|CS|TAMS 0x000000008b500000, 0x000000008b500000| Complete 
| 182|0x000000008b600000, 0x000000008b700000, 0x000000008b700000|100%| E|CS|TAMS 0x000000008b600000, 0x000000008b600000| Complete 
| 183|0x000000008b700000, 0x000000008b800000, 0x000000008b800000|100%| E|CS|TAMS 0x000000008b700000, 0x000000008b700000| Complete 
| 184|0x000000008b800000, 0x000000008b900000, 0x000000008b900000|100%| E|CS|TAMS 0x000000008b800000, 0x000000008b800000| Complete 
| 185|0x000000008b900000, 0x000000008ba00000, 0x000000008ba00000|100%| E|CS|TAMS 0x000000008b900000, 0x000000008b900000| Complete 
| 186|0x000000008ba00000, 0x000000008bb00000, 0x000000008bb00000|100%| E|CS|TAMS 0x000000008ba00000, 0x000000008ba00000| Complete 
| 187|0x000000008bb00000, 0x000000008bc00000, 0x000000008bc00000|100%| E|CS|TAMS 0x000000008bb00000, 0x000000008bb00000| Complete 
| 188|0x000000008bc00000, 0x000000008bd00000, 0x000000008bd00000|100%| E|CS|TAMS 0x000000008bc00000, 0x000000008bc00000| Complete 
| 189|0x000000008bd00000, 0x000000008bdffff8, 0x000000008be00000| 99%| E|CS|TAMS 0x000000008bd00000, 0x000000008bd00000| Complete 
| 190|0x000000008be00000, 0x000000008bf00000, 0x000000008bf00000|100%| E|CS|TAMS 0x000000008be00000, 0x000000008be00000| Complete 
| 191|0x000000008bf00000, 0x000000008c000000, 0x000000008c000000|100%| E|CS|TAMS 0x000000008bf00000, 0x000000008bf00000| Complete 
| 192|0x000000008c000000, 0x000000008c100000, 0x000000008c100000|100%| E|CS|TAMS 0x000000008c000000, 0x000000008c000000| Complete 
| 193|0x000000008c100000, 0x000000008c200000, 0x000000008c200000|100%| E|CS|TAMS 0x000000008c100000, 0x000000008c100000| Complete 
| 194|0x000000008c200000, 0x000000008c300000, 0x000000008c300000|100%| E|CS|TAMS 0x000000008c200000, 0x000000008c200000| Complete 
| 195|0x000000008c300000, 0x000000008c400000, 0x000000008c400000|100%| E|CS|TAMS 0x000000008c300000, 0x000000008c300000| Complete 
| 196|0x000000008c400000, 0x000000008c500000, 0x000000008c500000|100%| E|CS|TAMS 0x000000008c400000, 0x000000008c400000| Complete 
| 197|0x000000008c500000, 0x000000008c600000, 0x000000008c600000|100%| E|CS|TAMS 0x000000008c500000, 0x000000008c500000| Complete 
| 198|0x000000008c600000, 0x000000008c700000, 0x000000008c700000|100%| E|CS|TAMS 0x000000008c600000, 0x000000008c600000| Complete 
| 199|0x000000008c700000, 0x000000008c800000, 0x000000008c800000|100%| E|CS|TAMS 0x000000008c700000, 0x000000008c700000| Complete 
| 200|0x000000008c800000, 0x000000008c900000, 0x000000008c900000|100%| E|CS|TAMS 0x000000008c800000, 0x000000008c800000| Complete 
| 201|0x000000008c900000, 0x000000008ca00000, 0x000000008ca00000|100%| E|CS|TAMS 0x000000008c900000, 0x000000008c900000| Complete 
| 202|0x000000008ca00000, 0x000000008cb00000, 0x000000008cb00000|100%| E|CS|TAMS 0x000000008ca00000, 0x000000008ca00000| Complete 
| 203|0x000000008cb00000, 0x000000008cc00000, 0x000000008cc00000|100%| E|CS|TAMS 0x000000008cb00000, 0x000000008cb00000| Complete 
| 204|0x000000008cc00000, 0x000000008cd00000, 0x000000008cd00000|100%| E|CS|TAMS 0x000000008cc00000, 0x000000008cc00000| Complete 
| 205|0x000000008cd00000, 0x000000008ce00000, 0x000000008ce00000|100%| E|CS|TAMS 0x000000008cd00000, 0x000000008cd00000| Complete 
| 206|0x000000008ce00000, 0x000000008cf00000, 0x000000008cf00000|100%| E|CS|TAMS 0x000000008ce00000, 0x000000008ce00000| Complete 
| 207|0x000000008cf00000, 0x000000008d000000, 0x000000008d000000|100%| E|CS|TAMS 0x000000008cf00000, 0x000000008cf00000| Complete 
| 208|0x000000008d000000, 0x000000008d100000, 0x000000008d100000|100%| E|CS|TAMS 0x000000008d000000, 0x000000008d000000| Complete 
| 209|0x000000008d100000, 0x000000008d200000, 0x000000008d200000|100%| E|CS|TAMS 0x000000008d100000, 0x000000008d100000| Complete 
| 210|0x000000008d200000, 0x000000008d300000, 0x000000008d300000|100%| E|CS|TAMS 0x000000008d200000, 0x000000008d200000| Complete 
| 211|0x000000008d300000, 0x000000008d400000, 0x000000008d400000|100%| E|CS|TAMS 0x000000008d300000, 0x000000008d300000| Complete 
| 212|0x000000008d400000, 0x000000008d500000, 0x000000008d500000|100%| E|CS|TAMS 0x000000008d400000, 0x000000008d400000| Complete 
| 213|0x000000008d500000, 0x000000008d600000, 0x000000008d600000|100%| E|CS|TAMS 0x000000008d500000, 0x000000008d500000| Complete 
| 214|0x000000008d600000, 0x000000008d700000, 0x000000008d700000|100%| E|CS|TAMS 0x000000008d600000, 0x000000008d600000| Complete 
| 215|0x000000008d700000, 0x000000008d800000, 0x000000008d800000|100%| E|CS|TAMS 0x000000008d700000, 0x000000008d700000| Complete 
| 216|0x000000008d800000, 0x000000008d900000, 0x000000008d900000|100%| E|CS|TAMS 0x000000008d800000, 0x000000008d800000| Complete 
| 217|0x000000008d900000, 0x000000008da00000, 0x000000008da00000|100%| E|CS|TAMS 0x000000008d900000, 0x000000008d900000| Complete 
| 218|0x000000008da00000, 0x000000008db00000, 0x000000008db00000|100%| E|CS|TAMS 0x000000008da00000, 0x000000008da00000| Complete 
| 219|0x000000008db00000, 0x000000008dc00000, 0x000000008dc00000|100%| E|CS|TAMS 0x000000008db00000, 0x000000008db00000| Complete 

Card table byte_map: [0x000001fe4a170000,0x000001fe4a570000] _byte_map_base: 0x000001fe49d70000

Marking Bits (Prev, Next): (CMBitMap*) 0x000001fe36619290, (CMBitMap*) 0x000001fe36619258
 Prev Bits: [0x000001fe4c970000, 0x000001fe4e970000)
 Next Bits: [0x000001fe4a970000, 0x000001fe4c970000)

Polling page: 0x000001fe34dd0000

Metaspace:

Usage:
  Non-class:    104.55 MB capacity,   102.37 MB ( 98%) used,     1.75 MB (  2%) free+waste,   436.50 KB ( <1%) overhead. 
      Class:     16.50 MB capacity,    15.17 MB ( 92%) used,     1.13 MB (  7%) free+waste,   199.44 KB (  1%) overhead. 
       Both:    121.05 MB capacity,   117.54 MB ( 97%) used,     2.88 MB (  2%) free+waste,   635.94 KB ( <1%) overhead. 

Virtual space:
  Non-class space:      106.00 MB reserved,     105.25 MB (>99%) committed 
      Class space:        1.00 GB reserved,      16.88 MB (  2%) committed 
             Both:        1.10 GB reserved,     122.13 MB ( 11%) committed 

Chunk freelists:
   Non-Class:  587.00 KB
       Class:  389.00 KB
        Both:  976.00 KB

MaxMetaspaceSize: 17179869184.00 GB
CompressedClassSpaceSize: 1.00 GB
Initial GC threshold: 20.80 MB
Current GC threshold: 203.13 MB
CDS: off

CodeHeap 'non-profiled nmethods': size=120000Kb used=10303Kb max_used=10303Kb free=109696Kb
 bounds [0x000001fe41bc0000, 0x000001fe425d0000, 0x000001fe490f0000]
CodeHeap 'profiled nmethods': size=120000Kb used=35240Kb max_used=35240Kb free=84759Kb
 bounds [0x000001fe3a690000, 0x000001fe3c900000, 0x000001fe41bc0000]
CodeHeap 'non-nmethods': size=5760Kb used=2465Kb max_used=2535Kb free=3294Kb
 bounds [0x000001fe3a0f0000, 0x000001fe3a380000, 0x000001fe3a690000]
 total_blobs=17303 nmethods=16302 adapters=913
 compilation: enabled
              stopped_count=0, restarted_count=0
 full_count=0

Compilation events (20 events):
Event: 514.063 Thread 0x000001fe5201a800 nmethod 16514 0x000001fe425c5d90 code [0x000001fe425c6040, 0x000001fe425c7380]
Event: 514.064 Thread 0x000001fe5201a800 16515       4       java.util.regex.Matcher::match (154 bytes)
Event: 514.070 Thread 0x000001fe5201a800 nmethod 16515 0x000001fe425c8090 code [0x000001fe425c8260, 0x000001fe425c8538]
Event: 514.098 Thread 0x000001fe5201a800 16516       4       com.google.common.collect.SingletonImmutableBiMap::containsKey (9 bytes)
Event: 514.098 Thread 0x000001fe5201a800 nmethod 16516 0x000001fe425c8710 code [0x000001fe425c88a0, 0x000001fe425c8938]
Event: 514.104 Thread 0x000001fe5201a800 16517       4       org.gradle.api.internal.artifacts.repositories.resolver.ExternalResourceResolver$LocalRepositoryAccess::resolveComponentMetaData (1 bytes)
Event: 514.104 Thread 0x000001fe5201a800 nmethod 16517 0x000001fe425c8a10 code [0x000001fe425c8ba0, 0x000001fe425c8bf8]
Event: 514.116 Thread 0x000001fe5201a800 16518       4       org.gradle.internal.component.external.model.maven.MavenDependencyDescriptor::isConstraint (16 bytes)
Event: 514.116 Thread 0x000001fe5201a800 nmethod 16518 0x000001fe425c8d10 code [0x000001fe425c8ea0, 0x000001fe425c8f18]
Event: 514.127 Thread 0x000001fe5201a800 16519       4       org.gradle.api.internal.artifacts.ivyservice.modulecache.ModuleMetadataSerializer$Reader::readMavenDependencyExcludes (68 bytes)
Event: 514.187 Thread 0x000001fe516b8000 16527       3       org.gradle.api.internal.initialization.DefaultScriptClassPathResolver$$Lambda$514/0x000000010065fc40::isSatisfiedBy (8 bytes)
Event: 514.188 Thread 0x000001fe516b8000 nmethod 16527 0x000001fe3c8f6c10 code [0x000001fe3c8f6de0, 0x000001fe3c8f7008]
Event: 514.188 Thread 0x000001fe516b8000 16528       3       org.gradle.api.internal.initialization.DefaultScriptClassPathResolver::lambda$resolveClassPath$0 (37 bytes)
Event: 514.189 Thread 0x000001fe516b8000 nmethod 16528 0x000001fe3c8f7110 code [0x000001fe3c8f7300, 0x000001fe3c8f7888]
Event: 514.194 Thread 0x000001fe5201a800 nmethod 16519 0x000001fe425c9010 code [0x000001fe425c93c0, 0x000001fe425cc598]
Event: 514.194 Thread 0x000001fe5201a800 16524       4       java.util.Collections$1::next (25 bytes)
Event: 514.195 Thread 0x000001fe5201a800 nmethod 16524 0x000001fe425ce090 code [0x000001fe425ce220, 0x000001fe425ce2b8]
Event: 514.195 Thread 0x000001fe5201a800 16525       4       org.gradle.internal.component.model.DefaultIvyArtifactName::<init> (34 bytes)
Event: 514.212 Thread 0x000001fe5201a800 nmethod 16525 0x000001fe425ce390 code [0x000001fe425ce540, 0x000001fe425cf1d8]
Event: 514.212 Thread 0x000001fe5201a800 16526       4       org.gradle.internal.component.model.DefaultIvyArtifactName::computeHashCode (71 bytes)

GC Heap History (20 events):
Event: 9.876 GC heap before
{Heap before GC invocations=17 (full 0):
 garbage-first heap   total 155648K, used 126130K [0x0000000080000000, 0x0000000100000000)
  region size 1024K, 64 young (65536K), 7 survivors (7168K)
 Metaspace       used 84668K, capacity 86437K, committed 86656K, reserved 1124352K
  class space    used 10969K, capacity 11646K, committed 11648K, reserved 1048576K
}
Event: 9.887 GC heap after
{Heap after GC invocations=18 (full 0):
 garbage-first heap   total 187392K, used 73287K [0x0000000080000000, 0x0000000100000000)
  region size 1024K, 8 young (8192K), 8 survivors (8192K)
 Metaspace       used 84668K, capacity 86437K, committed 86656K, reserved 1124352K
  class space    used 10969K, capacity 11646K, committed 11648K, reserved 1048576K
}
Event: 10.559 GC heap before
{Heap before GC invocations=18 (full 0):
 garbage-first heap   total 187392K, used 142919K [0x0000000080000000, 0x0000000100000000)
  region size 1024K, 77 young (78848K), 8 survivors (8192K)
 Metaspace       used 88616K, capacity 91006K, committed 91136K, reserved 1128448K
  class space    used 11578K, capacity 12510K, committed 12544K, reserved 1048576K
}
Event: 10.571 GC heap after
{Heap after GC invocations=19 (full 0):
 garbage-first heap   total 187392K, used 78999K [0x0000000080000000, 0x0000000100000000)
  region size 1024K, 10 young (10240K), 10 survivors (10240K)
 Metaspace       used 88616K, capacity 91006K, committed 91136K, reserved 1128448K
  class space    used 11578K, capacity 12510K, committed 12544K, reserved 1048576K
}
Event: 11.029 GC heap before
{Heap before GC invocations=19 (full 0):
 garbage-first heap   total 187392K, used 146583K [0x0000000080000000, 0x0000000100000000)
  region size 1024K, 77 young (78848K), 10 survivors (10240K)
 Metaspace       used 89551K, capacity 91950K, committed 92288K, reserved 1128448K
  class space    used 11645K, capacity 12578K, committed 12672K, reserved 1048576K
}
Event: 11.045 GC heap after
{Heap after GC invocations=20 (full 0):
 garbage-first heap   total 187392K, used 85061K [0x0000000080000000, 0x0000000100000000)
  region size 1024K, 6 young (6144K), 6 survivors (6144K)
 Metaspace       used 89551K, capacity 91950K, committed 92288K, reserved 1128448K
  class space    used 11645K, capacity 12578K, committed 12672K, reserved 1048576K
}
Event: 11.473 GC heap before
{Heap before GC invocations=20 (full 0):
 garbage-first heap   total 187392K, used 149573K [0x0000000080000000, 0x0000000100000000)
  region size 1024K, 70 young (71680K), 6 survivors (6144K)
 Metaspace       used 92502K, capacity 94967K, committed 95232K, reserved 1132544K
  class space    used 12046K, capacity 12998K, committed 13056K, reserved 1048576K
}
Event: 11.483 GC heap after
{Heap after GC invocations=21 (full 0):
 garbage-first heap   total 187392K, used 87399K [0x0000000080000000, 0x0000000100000000)
  region size 1024K, 3 young (3072K), 3 survivors (3072K)
 Metaspace       used 92502K, capacity 94967K, committed 95232K, reserved 1132544K
  class space    used 12046K, capacity 12998K, committed 13056K, reserved 1048576K
}
Event: 12.219 GC heap before
{Heap before GC invocations=21 (full 0):
 garbage-first heap   total 187392K, used 152935K [0x0000000080000000, 0x0000000100000000)
  region size 1024K, 67 young (68608K), 3 survivors (3072K)
 Metaspace       used 96835K, capacity 99372K, committed 99584K, reserved 1134592K
  class space    used 12571K, capacity 13548K, committed 13568K, reserved 1048576K
}
Event: 12.232 GC heap after
{Heap after GC invocations=22 (full 0):
 garbage-first heap   total 225280K, used 90707K [0x0000000080000000, 0x0000000100000000)
  region size 1024K, 6 young (6144K), 6 survivors (6144K)
 Metaspace       used 96835K, capacity 99372K, committed 99584K, reserved 1134592K
  class space    used 12571K, capacity 13548K, committed 13568K, reserved 1048576K
}
Event: 20.151 GC heap before
{Heap before GC invocations=23 (full 0):
 garbage-first heap   total 225280K, used 169555K [0x0000000080000000, 0x0000000100000000)
  region size 1024K, 84 young (86016K), 6 survivors (6144K)
 Metaspace       used 98825K, capacity 101208K, committed 102016K, reserved 1136640K
  class space    used 12760K, capacity 13664K, committed 13952K, reserved 1048576K
}
Event: 20.165 GC heap after
{Heap after GC invocations=24 (full 0):
 garbage-first heap   total 225280K, used 95074K [0x0000000080000000, 0x0000000100000000)
  region size 1024K, 9 young (9216K), 9 survivors (9216K)
 Metaspace       used 98825K, capacity 101208K, committed 102016K, reserved 1136640K
  class space    used 12760K, capacity 13664K, committed 13952K, reserved 1048576K
}
Event: 20.765 GC heap before
{Heap before GC invocations=24 (full 0):
 garbage-first heap   total 225280K, used 172898K [0x0000000080000000, 0x0000000100000000)
  region size 1024K, 86 young (88064K), 9 survivors (9216K)
 Metaspace       used 107513K, capacity 110667K, committed 110848K, reserved 1144832K
  class space    used 14122K, capacity 15349K, committed 15360K, reserved 1048576K
}
Event: 20.778 GC heap after
{Heap after GC invocations=25 (full 0):
 garbage-first heap   total 225280K, used 101876K [0x0000000080000000, 0x0000000100000000)
  region size 1024K, 11 young (11264K), 11 survivors (11264K)
 Metaspace       used 107513K, capacity 110667K, committed 110848K, reserved 1144832K
  class space    used 14122K, capacity 15349K, committed 15360K, reserved 1048576K
}
Event: 21.798 GC heap before
{Heap before GC invocations=25 (full 0):
 garbage-first heap   total 225280K, used 196084K [0x0000000080000000, 0x0000000100000000)
  region size 1024K, 87 young (89088K), 11 survivors (11264K)
 Metaspace       used 116275K, capacity 120087K, committed 120192K, reserved 1153024K
  class space    used 15495K, capacity 16992K, committed 17024K, reserved 1048576K
}
Event: 21.814 GC heap after
{Heap after GC invocations=26 (full 0):
 garbage-first heap   total 225280K, used 105590K [0x0000000080000000, 0x0000000100000000)
  region size 1024K, 5 young (5120K), 5 survivors (5120K)
 Metaspace       used 116275K, capacity 120087K, committed 120192K, reserved 1153024K
  class space    used 15495K, capacity 16992K, committed 17024K, reserved 1048576K
}
Event: 43.663 GC heap before
{Heap before GC invocations=26 (full 0):
 garbage-first heap   total 225280K, used 180342K [0x0000000080000000, 0x0000000100000000)
  region size 1024K, 79 young (80896K), 5 survivors (5120K)
 Metaspace       used 119962K, capacity 123751K, committed 124032K, reserved 1157120K
  class space    used 15708K, capacity 17193K, committed 17280K, reserved 1048576K
}
Event: 43.720 GC heap after
{Heap after GC invocations=27 (full 0):
 garbage-first heap   total 225280K, used 111996K [0x0000000080000000, 0x0000000100000000)
  region size 1024K, 10 young (10240K), 10 survivors (10240K)
 Metaspace       used 119962K, capacity 123751K, committed 124032K, reserved 1157120K
  class space    used 15708K, capacity 17193K, committed 17280K, reserved 1048576K
}
Event: 126.740 GC heap before
{Heap before GC invocations=27 (full 0):
 garbage-first heap   total 225280K, used 182652K [0x0000000080000000, 0x0000000100000000)
  region size 1024K, 80 young (81920K), 10 survivors (10240K)
 Metaspace       used 120554K, capacity 124440K, committed 124544K, reserved 1157120K
  class space    used 15731K, capacity 17232K, committed 17280K, reserved 1048576K
}
Event: 126.859 GC heap after
{Heap after GC invocations=28 (full 0):
 garbage-first heap   total 225280K, used 119594K [0x0000000080000000, 0x0000000100000000)
  region size 1024K, 8 young (8192K), 8 survivors (8192K)
 Metaspace       used 120554K, capacity 124440K, committed 124544K, reserved 1157120K
  class space    used 15731K, capacity 17232K, committed 17280K, reserved 1048576K
}

Deoptimization events (20 events):
Event: 513.531 Thread 0x000001fe5dcf8000 Uncommon trap: trap_request=0xffffffde fr.pc=0x000001fe424ecaa4 relative=0x0000000000000a24
Event: 513.531 Thread 0x000001fe5dcf8000 Uncommon trap: reason=class_check action=maybe_recompile pc=0x000001fe424ecaa4 method=org.gradle.cache.internal.LockOnDemandCrossProcessCacheAccess.incrementLockCount()V @ 97 c2
Event: 513.531 Thread 0x000001fe5dcf8000 DEOPT PACKING pc=0x000001fe424ecaa4 sp=0x0000005f3c6f7240
Event: 513.531 Thread 0x000001fe5dcf8000 DEOPT UNPACKING pc=0x000001fe3a13a1af sp=0x0000005f3c6f7220 mode 2
Event: 514.207 Thread 0x000001fe5dcf8000 Uncommon trap: trap_request=0xffffff4d fr.pc=0x000001fe425134fc relative=0x0000000000006b7c
Event: 514.208 Thread 0x000001fe5dcf8000 Uncommon trap: reason=unstable_if action=reinterpret pc=0x000001fe425134fc method=org.gradle.internal.operations.DefaultBuildOperationExecutor$ListenerAdapter.stop(Lorg/gradle/internal/operations/BuildOperationDescriptor;Lorg/gradle/internal/operations/Bu
Event: 514.209 Thread 0x000001fe5dcf8000 DEOPT PACKING pc=0x000001fe425134fc sp=0x0000005f3c6fa090
Event: 514.210 Thread 0x000001fe5dcf8000 DEOPT UNPACKING pc=0x000001fe3a13a1af sp=0x0000005f3c6f9e70 mode 2
Event: 514.210 Thread 0x000001fe5dd02800 Uncommon trap: trap_request=0xffffff4d fr.pc=0x000001fe42294838 relative=0x0000000000001378
Event: 514.210 Thread 0x000001fe5dd02800 Uncommon trap: reason=unstable_if action=reinterpret pc=0x000001fe42294838 method=java.util.concurrent.ConcurrentHashMap.putVal(Ljava/lang/Object;Ljava/lang/Object;Z)Ljava/lang/Object; @ 197 c2
Event: 514.210 Thread 0x000001fe5dd02800 DEOPT PACKING pc=0x000001fe42294838 sp=0x0000005f3eefe8f0
Event: 514.211 Thread 0x000001fe5dd02800 DEOPT UNPACKING pc=0x000001fe3a13a1af sp=0x0000005f3eefe880 mode 2
Event: 514.212 Thread 0x000001fe5dcf8000 Uncommon trap: trap_request=0xffffff4d fr.pc=0x000001fe425134fc relative=0x0000000000006b7c
Event: 514.212 Thread 0x000001fe5dcf8000 Uncommon trap: reason=unstable_if action=reinterpret pc=0x000001fe425134fc method=org.gradle.internal.operations.DefaultBuildOperationExecutor$ListenerAdapter.stop(Lorg/gradle/internal/operations/BuildOperationDescriptor;Lorg/gradle/internal/operations/Bu
Event: 514.212 Thread 0x000001fe5dcf8000 DEOPT PACKING pc=0x000001fe425134fc sp=0x0000005f3c6faa00
Event: 514.212 Thread 0x000001fe5dcf8000 DEOPT UNPACKING pc=0x000001fe3a13a1af sp=0x0000005f3c6fa7e0 mode 2
Event: 514.215 Thread 0x000001fe5dcf8000 Uncommon trap: trap_request=0xffffff4d fr.pc=0x000001fe425134fc relative=0x0000000000006b7c
Event: 514.215 Thread 0x000001fe5dcf8000 Uncommon trap: reason=unstable_if action=reinterpret pc=0x000001fe425134fc method=org.gradle.internal.operations.DefaultBuildOperationExecutor$ListenerAdapter.stop(Lorg/gradle/internal/operations/BuildOperationDescriptor;Lorg/gradle/internal/operations/Bu
Event: 514.215 Thread 0x000001fe5dcf8000 DEOPT PACKING pc=0x000001fe425134fc sp=0x0000005f3c6fb700
Event: 514.215 Thread 0x000001fe5dcf8000 DEOPT UNPACKING pc=0x000001fe3a13a1af sp=0x0000005f3c6fb4e0 mode 2

Classes redefined (0 events):
No events

Internal exceptions (20 events):
Event: 43.199 Thread 0x000001fe543ac000 Exception <a 'sun/nio/fs/WindowsException'{0x000000008a1cf560}> (0x000000008a1cf560) thrown at [./src/hotspot/share/prims/jni.cpp, line 615]
Event: 44.070 Thread 0x000001fe5dcfd000 Exception <a 'sun/nio/fs/WindowsException'{0x000000008c8c3c28}> (0x000000008c8c3c28) thrown at [./src/hotspot/share/prims/jni.cpp, line 615]
Event: 44.077 Thread 0x000001fe543ac000 Exception <a 'sun/nio/fs/WindowsException'{0x000000008dbace68}> (0x000000008dbace68) thrown at [./src/hotspot/share/prims/jni.cpp, line 615]
Event: 44.077 Thread 0x000001fe543ac000 Exception <a 'sun/nio/fs/WindowsException'{0x000000008dbacee8}> (0x000000008dbacee8) thrown at [./src/hotspot/share/prims/jni.cpp, line 615]
Event: 44.077 Thread 0x000001fe543ac000 Exception <a 'sun/nio/fs/WindowsException'{0x000000008dbae870}> (0x000000008dbae870) thrown at [./src/hotspot/share/prims/jni.cpp, line 615]
Event: 125.799 Thread 0x000001fe5dcf5000 Exception <a 'sun/nio/fs/WindowsException'{0x000000008a917350}> (0x000000008a917350) thrown at [./src/hotspot/share/prims/jni.cpp, line 615]
Event: 126.407 Thread 0x000001fe5dcf5000 Exception <a 'sun/nio/fs/WindowsException'{0x000000008a0e4458}> (0x000000008a0e4458) thrown at [./src/hotspot/share/prims/jni.cpp, line 615]
Event: 126.459 Thread 0x000001fe5dcf5000 Exception <a 'sun/nio/fs/WindowsException'{0x0000000089f8cb50}> (0x0000000089f8cb50) thrown at [./src/hotspot/share/prims/jni.cpp, line 615]
Event: 126.460 Thread 0x000001fe5dcf5000 Exception <a 'sun/nio/fs/WindowsException'{0x0000000089f8dec8}> (0x0000000089f8dec8) thrown at [./src/hotspot/share/prims/jni.cpp, line 615]
Event: 126.460 Thread 0x000001fe5dcf5000 Exception <a 'sun/nio/fs/WindowsException'{0x0000000089f8f4e0}> (0x0000000089f8f4e0) thrown at [./src/hotspot/share/prims/jni.cpp, line 615]
Event: 126.460 Thread 0x000001fe5dcf5000 Exception <a 'sun/nio/fs/WindowsException'{0x0000000089f908a8}> (0x0000000089f908a8) thrown at [./src/hotspot/share/prims/jni.cpp, line 615]
Event: 126.608 Thread 0x000001fe5dcf5000 Exception <a 'sun/nio/fs/WindowsException'{0x00000000899983d8}> (0x00000000899983d8) thrown at [./src/hotspot/share/prims/jni.cpp, line 615]
Event: 127.829 Thread 0x000001fe5b73e800 Exception <a 'sun/nio/fs/WindowsException'{0x000000008bb9ef10}> (0x000000008bb9ef10) thrown at [./src/hotspot/share/prims/jni.cpp, line 615]
Event: 127.832 Thread 0x000001fe5dcf5000 Exception <a 'sun/nio/fs/WindowsException'{0x000000008ce63ad8}> (0x000000008ce63ad8) thrown at [./src/hotspot/share/prims/jni.cpp, line 615]
Event: 127.833 Thread 0x000001fe5dcf5000 Exception <a 'sun/nio/fs/WindowsException'{0x000000008ce63b58}> (0x000000008ce63b58) thrown at [./src/hotspot/share/prims/jni.cpp, line 615]
Event: 127.833 Thread 0x000001fe5dcf5000 Exception <a 'sun/nio/fs/WindowsException'{0x000000008ce654e0}> (0x000000008ce654e0) thrown at [./src/hotspot/share/prims/jni.cpp, line 615]
Event: 314.546 Thread 0x000001fe5dcf9000 Exception <a 'java/lang/NoSuchMethodError'{0x000000008b3b6b08}: 'java.lang.Object java.lang.invoke.DirectMethodHandle$Holder.invokeSpecial(java.lang.Object, java.lang.Object, int, int, int, java.lang.Object, java.lang.Object, java.lang.Object)'> (0x000000008b3b6b08) thrown at [./src/hotspot/share/interpreter/linkResolver.cpp, line 773]
Event: 314.548 Thread 0x000001fe5dcf9000 Exception <a 'java/lang/NoSuchMethodError'{0x000000008b3ba540}: 'java.lang.Object java.lang.invoke.DelegatingMethodHandle$Holder.reinvoke_L(java.lang.Object, int, int, int, java.lang.Object, java.lang.Object, java.lang.Object)'> (0x000000008b3ba540) thrown at [./src/hotspot/share/interpreter/linkResolver.cpp, line 773]
Event: 314.560 Thread 0x000001fe5dcf9000 Exception <a 'java/lang/NoSuchMethodError'{0x000000008b3c1e30}: 'java.lang.Object java.lang.invoke.DirectMethodHandle$Holder.invokeStatic(java.lang.Object, java.lang.Object, java.lang.Object, java.lang.Object, java.lang.Object, int)'> (0x000000008b3c1e30) thrown at [./src/hotspot/share/interpreter/linkResolver.cpp, line 773]
Event: 514.203 Thread 0x000001fe5dcf8000 Exception <a 'java/lang/OutOfMemoryError'{0x000000008a284b40}: unable to create native thread: possibly out of memory or process/resource limits reached> (0x000000008a284b40) thrown at [./src/hotspot/share/prims/jvm.cpp, line 2924]

Events (20 events):
Event: 514.202 Executing coalesced safepoint VM operation: RevokeBias done
Event: 514.202 Executing coalesced safepoint VM operation: RevokeBias
Event: 514.202 Executing coalesced safepoint VM operation: RevokeBias done
Event: 514.202 Executing coalesced safepoint VM operation: RevokeBias
Event: 514.202 Executing coalesced safepoint VM operation: RevokeBias done
Event: 514.202 Executing coalesced safepoint VM operation: RevokeBias
Event: 514.202 Executing coalesced safepoint VM operation: RevokeBias done
Event: 514.202 Executing coalesced safepoint VM operation: RevokeBias
Event: 514.202 Executing coalesced safepoint VM operation: RevokeBias done
Event: 514.202 Executing coalesced safepoint VM operation: RevokeBias
Event: 514.202 Executing coalesced safepoint VM operation: RevokeBias done
Event: 514.202 Executing coalesced safepoint VM operation: RevokeBias
Event: 514.202 Executing coalesced safepoint VM operation: RevokeBias done
Event: 514.202 Executing coalesced safepoint VM operation: RevokeBias
Event: 514.202 Executing coalesced safepoint VM operation: RevokeBias done
Event: 514.202 Executing coalesced safepoint VM operation: RevokeBias
Event: 514.202 Executing coalesced safepoint VM operation: RevokeBias done
Event: 514.202 Executing coalesced safepoint VM operation: RevokeBias
Event: 514.202 Executing coalesced safepoint VM operation: RevokeBias done
Event: 514.202 Executing VM operation: RevokeBias done


Dynamic libraries:
0x00007ff7c1dd0000 - 0x00007ff7c1dda000 	C:\Program Files\Android\Android Studio\jre\bin\java.exe
0x00007ff940150000 - 0x00007ff940345000 	C:\Windows\SYSTEM32\ntdll.dll
0x00007ff93e910000 - 0x00007ff93e9cd000 	C:\Windows\System32\KERNEL32.DLL
0x00007ff93ddc0000 - 0x00007ff93e08d000 	C:\Windows\System32\KERNELBASE.dll
0x00007ff93dc10000 - 0x00007ff93dd10000 	C:\Windows\System32\ucrtbase.dll
0x00007ff91ae00000 - 0x00007ff91ae17000 	C:\Program Files\Android\Android Studio\jre\bin\VCRUNTIME140.dll
0x00007ff91ea00000 - 0x00007ff91ea19000 	C:\Program Files\Android\Android Studio\jre\bin\jli.dll
0x00007ff93ecc0000 - 0x00007ff93ee60000 	C:\Windows\System32\USER32.dll
0x00007ff93db60000 - 0x00007ff93db82000 	C:\Windows\System32\win32u.dll
0x00007ff93ec90000 - 0x00007ff93ecba000 	C:\Windows\System32\GDI32.dll
0x00007ff92b1d0000 - 0x00007ff92b46a000 	C:\Windows\WinSxS\amd64_microsoft.windows.common-controls_6595b64144ccf1df_6.0.19041.1110_none_60b5254171f9507e\COMCTL32.dll
0x00007ff93d860000 - 0x00007ff93d96b000 	C:\Windows\System32\gdi32full.dll
0x00007ff93faf0000 - 0x00007ff93fb8e000 	C:\Windows\System32\msvcrt.dll
0x00007ff93e100000 - 0x00007ff93e19d000 	C:\Windows\System32\msvcp_win.dll
0x00007ff93e250000 - 0x00007ff93e280000 	C:\Windows\System32\IMM32.DLL
0x00007ff9056a0000 - 0x00007ff90573d000 	C:\Program Files\Android\Android Studio\jre\bin\msvcp140.dll
0x00007ff8cdf20000 - 0x00007ff8cea05000 	C:\Program Files\Android\Android Studio\jre\bin\server\jvm.dll
0x00007ff93e1a0000 - 0x00007ff93e24e000 	C:\Windows\System32\ADVAPI32.dll
0x00007ff93fa40000 - 0x00007ff93fadc000 	C:\Windows\System32\sechost.dll
0x00007ff93ea80000 - 0x00007ff93eba5000 	C:\Windows\System32\RPCRT4.dll
0x00007ff93ebb0000 - 0x00007ff93ebb8000 	C:\Windows\System32\PSAPI.DLL
0x00007ff92b520000 - 0x00007ff92b547000 	C:\Windows\SYSTEM32\WINMM.dll
0x00007ff92f9e0000 - 0x00007ff92f9e9000 	C:\Windows\SYSTEM32\WSOCK32.dll
0x00007ff93fd40000 - 0x00007ff93fdab000 	C:\Windows\System32\WS2_32.dll
0x00007ff938560000 - 0x00007ff93856a000 	C:\Windows\SYSTEM32\VERSION.dll
0x00007ff93b780000 - 0x00007ff93b792000 	C:\Windows\SYSTEM32\kernel.appcore.dll
0x00007ff923350000 - 0x00007ff923361000 	C:\Program Files\Android\Android Studio\jre\bin\verify.dll
0x00007ff936200000 - 0x00007ff9363e4000 	C:\Windows\SYSTEM32\DBGHELP.DLL
0x00007ff936190000 - 0x00007ff9361bc000 	C:\Windows\SYSTEM32\dbgcore.DLL
0x00007ff93d970000 - 0x00007ff93d9f2000 	C:\Windows\System32\bcryptPrimitives.dll
0x00007ff91b580000 - 0x00007ff91b5a9000 	C:\Program Files\Android\Android Studio\jre\bin\java.dll
0x00007ff93aff0000 - 0x00007ff93affb000 	C:\Program Files\Android\Android Studio\jre\bin\jimage.dll
0x00007ff91f460000 - 0x00007ff91f478000 	C:\Program Files\Android\Android Studio\jre\bin\zip.dll
0x00007ff93f150000 - 0x00007ff93f894000 	C:\Windows\System32\SHELL32.dll
0x00007ff93b980000 - 0x00007ff93c114000 	C:\Windows\SYSTEM32\windows.storage.dll
0x00007ff93fdb0000 - 0x00007ff940104000 	C:\Windows\System32\combase.dll
0x00007ff93d2c0000 - 0x00007ff93d2ec000 	C:\Windows\SYSTEM32\Wldp.dll
0x00007ff93e9d0000 - 0x00007ff93ea7d000 	C:\Windows\System32\SHCORE.dll
0x00007ff93f9e0000 - 0x00007ff93fa35000 	C:\Windows\System32\shlwapi.dll
0x00007ff93d7a0000 - 0x00007ff93d7bf000 	C:\Windows\SYSTEM32\profapi.dll
0x00007ff91ebc0000 - 0x00007ff91ebda000 	C:\Program Files\Android\Android Studio\jre\bin\net.dll
0x00007ff936b30000 - 0x00007ff936c3a000 	C:\Windows\SYSTEM32\WINHTTP.dll
0x00007ff93d020000 - 0x00007ff93d08a000 	C:\Windows\system32\mswsock.dll
0x00007ff91e930000 - 0x00007ff91e944000 	C:\Program Files\Android\Android Studio\jre\bin\nio.dll
0x00007ff918ba0000 - 0x00007ff918bc7000 	C:\Users\Igor-\.gradle\native\e1d6ef7f7dcc3fd88c89a11ec53ec762bb8ba0a96d01ffa2cd45eb1d1d8dd5c5\windows-amd64\native-platform.dll
0x00007ff8ffd70000 - 0x00007ff8ffeb4000 	C:\Users\Igor-\.gradle\native\5664cfc778a61ccfe75a443a1ab52a65af34e5dc3c78e0209fed803814484fcb\windows-amd64\native-platform-file-events.dll
0x00007ff939560000 - 0x00007ff93956a000 	C:\Program Files\Android\Android Studio\jre\bin\management.dll
0x00007ff939420000 - 0x00007ff93942d000 	C:\Program Files\Android\Android Studio\jre\bin\management_ext.dll
0x00007ff93d210000 - 0x00007ff93d228000 	C:\Windows\SYSTEM32\CRYPTSP.dll
0x00007ff93c8d0000 - 0x00007ff93c904000 	C:\Windows\system32\rsaenh.dll
0x00007ff93dbe0000 - 0x00007ff93dc07000 	C:\Windows\System32\bcrypt.dll
0x00007ff93d760000 - 0x00007ff93d78e000 	C:\Windows\SYSTEM32\USERENV.dll
0x00007ff93d230000 - 0x00007ff93d23c000 	C:\Windows\SYSTEM32\CRYPTBASE.dll
0x00007ff93cca0000 - 0x00007ff93ccdb000 	C:\Windows\SYSTEM32\IPHLPAPI.DLL
0x00007ff93fae0000 - 0x00007ff93fae8000 	C:\Windows\System32\NSI.dll
0x00007ff937ff0000 - 0x00007ff938007000 	C:\Windows\SYSTEM32\dhcpcsvc6.DLL
0x00007ff937f70000 - 0x00007ff937f8d000 	C:\Windows\SYSTEM32\dhcpcsvc.DLL
0x00007ff93cce0000 - 0x00007ff93cdab000 	C:\Windows\SYSTEM32\DNSAPI.dll
0x00007ff9170a0000 - 0x00007ff9170be000 	C:\Users\Igor-\AppData\Local\Temp\native-platform12909159333206835459dir\native-platform.dll
0x00007ff931290000 - 0x00007ff931298000 	C:\Program Files\Android\Android Studio\jre\bin\rmi.dll
0x00007ff91b510000 - 0x00007ff91b537000 	C:\Program Files\Android\Android Studio\jre\bin\sunec.dll

dbghelp: loaded successfully - version: 4.0.5 - missing functions: none
symbol engine: initialized successfully - sym options: 0x614 - pdb path: .;C:\Program Files\Android\Android Studio\jre\bin;C:\Windows\SYSTEM32;C:\Windows\WinSxS\amd64_microsoft.windows.common-controls_6595b64144ccf1df_6.0.19041.1110_none_60b5254171f9507e;C:\Program Files\Android\Android Studio\jre\bin\server;C:\Users\Igor-\.gradle\native\e1d6ef7f7dcc3fd88c89a11ec53ec762bb8ba0a96d01ffa2cd45eb1d1d8dd5c5\windows-amd64;C:\Users\Igor-\.gradle\native\5664cfc778a61ccfe75a443a1ab52a65af34e5dc3c78e0209fed803814484fcb\windows-amd64;C:\Users\Igor-\AppData\Local\Temp\native-platform12909159333206835459dir

VM Arguments:
jvm_args: --add-opens=java.base/java.util=ALL-UNNAMED --add-opens=java.base/java.lang=ALL-UNNAMED --add-opens=java.base/java.lang.invoke=ALL-UNNAMED --add-opens=java.base/java.util=ALL-UNNAMED --add-opens=java.prefs/java.util.prefs=ALL-UNNAMED --add-opens=java.prefs/java.util.prefs=ALL-UNNAMED --add-opens=java.base/java.nio.charset=ALL-UNNAMED --add-opens=java.base/java.net=ALL-UNNAMED --add-opens=java.base/java.util.concurrent.atomic=ALL-UNNAMED -Xmx2048m -Dfile.encoding=UTF-8 -Duser.country=RU -Duser.language=ru -Duser.variant 
java_command: org.gradle.launcher.daemon.bootstrap.GradleDaemon 7.3.3
java_class_path (initial): C:\Users\Igor-\.gradle\wrapper\dists\gradle-7.3.3-bin\6a41zxkdtcxs8rphpq6y0069z\gradle-7.3.3\lib\gradle-launcher-7.3.3.jar
Launcher Type: SUN_STANDARD

[Global flags]
     intx CICompilerCount                          = 4                                         {product} {ergonomic}
     uint ConcGCThreads                            = 3                                         {product} {ergonomic}
     uint G1ConcRefinementThreads                  = 10                                        {product} {ergonomic}
   size_t G1HeapRegionSize                         = 1048576                                   {product} {ergonomic}
    uintx GCDrainStackTargetSize                   = 64                                        {product} {ergonomic}
   size_t InitialHeapSize                          = 132120576                                 {product} {ergonomic}
   size_t MarkStackSize                            = 4194304                                   {product} {ergonomic}
   size_t MaxHeapSize                              = 2147483648                                {product} {command line}
   size_t MaxNewSize                               = 1287651328                                {product} {ergonomic}
   size_t MinHeapDeltaBytes                        = 1048576                                   {product} {ergonomic}
    uintx NonNMethodCodeHeapSize                   = 5836300                                {pd product} {ergonomic}
    uintx NonProfiledCodeHeapSize                  = 122910970                              {pd product} {ergonomic}
    uintx ProfiledCodeHeapSize                     = 122910970                              {pd product} {ergonomic}
    uintx ReservedCodeCacheSize                    = 251658240                              {pd product} {ergonomic}
     bool SegmentedCodeCache                       = true                                      {product} {ergonomic}
     bool UseCompressedClassPointers               = true                                 {lp64_product} {ergonomic}
     bool UseCompressedOops                        = true                                 {lp64_product} {ergonomic}
     bool UseG1GC                                  = true                                      {product} {ergonomic}
     bool UseLargePagesIndividualAllocation        = false                                  {pd product} {ergonomic}

Logging:
Log output configuration:
 #0: stdout all=warning uptime,level,tags
 #1: stderr all=off uptime,level,tags

Environment Variables:
PATH=C:\Windows\system32;C:\Windows;C:\Windows\System32\Wbem;C:\Windows\System32\WindowsPowerShell\v1.0\;C:\Windows\System32\OpenSSH\;C:\Program Files\Git\cmd;C:\Users\Igor-\AppData\Local\Microsoft\WindowsApps;
USERNAME=empty
OS=Windows_NT
PROCESSOR_IDENTIFIER=Intel64 Family 6 Model 165 Stepping 3, GenuineIntel



---------------  S Y S T E M  ---------------

OS: Windows 10 , 64 bit Build 19041 (10.0.19041.1706)
OS uptime: 25 days 23:52 hours

CPU:total 12 (initial active 12) (6 cores per cpu, 2 threads per core) family 6 model 165 stepping 3 microcode 0xea, cmov, cx8, fxsr, mmx, sse, sse2, sse3, ssse3, sse4.1, sse4.2, popcnt, avx, avx2, aes, clmul, erms, 3dnowpref, lzcnt, ht, tsc, tscinvbit, bmi1, bmi2, adx, fma

Memory: 4k page, system-wide physical 7939M (106M free)
TotalPageFile size 32515M (AvailPageFile size 0M)
current process WorkingSet (physical memory assigned to process): 135M, peak: 400M
current process commit charge ("private bytes"): 573M, peak: 647M

vm_info: OpenJDK 64-Bit Server VM (11.0.12+7-b1504.28-7817840) for windows-amd64 JRE (11.0.12+7-b1504.28-7817840), built on Oct 13 2021 22:12:33 by "builder" with MS VC++ 14.0 (VS2015)

END.
